<?xml version="1.0" encoding="UTF-8"?>
<coverage generated="1660074193234" clover="3.2.0">
  <project timestamp="1660074193234" name="All files">
    <metrics statements="17" coveredstatements="17" conditionals="2" coveredconditionals="2" methods="1" coveredmethods="1" elements="20" coveredelements="20" complexity="0" loc="17" ncloc="17" packages="1" files="1" classes="1"/>
    <file name="insertionSort.js" path="/home/qaismaher/data-structures-and-algorithms/javascript/insertion-sort/insertionSort.js">
      <metrics statements="17" coveredstatements="17" conditionals="2" coveredconditionals="2" methods="1" coveredmethods="1"/>
      <line num="3" count="1" type="stmt"/>
      <line num="4" count="1" type="stmt"/>
      <line num="5" count="1" type="stmt"/>
      <line num="6" count="1" type="stmt"/>
      <line num="9" count="7" type="stmt"/>
      <line num="10" count="35" type="stmt"/>
      <line num="11" count="35" type="stmt"/>
      <line num="12" count="35" type="cond" truecount="2" falsecount="0"/>
      <line num="13" count="50" type="stmt"/>
      <line num="14" count="50" type="stmt"/>
      <line num="16" count="35" type="stmt"/>
      <line num="18" count="7" type="stmt"/>
      <line num="21" count="1" type="stmt"/>
      <line num="22" count="1" type="stmt"/>
      <line num="23" count="1" type="stmt"/>
      <line num="24" count="1" type="stmt"/>
      <line num="26" count="1" type="stmt"/>
    </file>
  </project>
</coverage>
