TN:
SF:stack-queue-animal-shelter/queue/lib/node.js
FN:3,(anonymous_0)
FNF:1
FNH:1
FNDA:8,(anonymous_0)
DA:4,8
DA:5,8
DA:8,1
LF:3
LH:3
BRF:0
BRH:0
end_of_record
TN:
SF:stack-queue-animal-shelter/queue/lib/queue.js
FN:5,(anonymous_0)
FN:10,(anonymous_1)
FN:13,(anonymous_2)
FN:27,(anonymous_3)
FN:36,(anonymous_4)
FNF:5
FNH:5
FNDA:6,(anonymous_0)
FNDA:14,(anonymous_1)
FNDA:8,(anonymous_2)
FNDA:3,(anonymous_3)
FNDA:6,(anonymous_4)
DA:2,1
DA:6,6
DA:7,6
DA:8,6
DA:11,14
DA:14,8
DA:15,8
DA:16,8
DA:17,5
DA:18,5
DA:19,5
DA:21,3
DA:22,3
DA:23,3
DA:28,3
DA:29,3
DA:30,3
DA:31,3
DA:32,3
DA:33,3
DA:37,6
DA:38,2
DA:40,4
DA:44,1
LF:24
LH:24
BRDA:14,0,0,8
BRDA:14,0,1,0
BRDA:14,1,0,8
BRDA:14,1,1,4
BRDA:16,2,0,5
BRDA:16,2,1,3
BRDA:28,3,0,3
BRDA:28,3,1,0
BRDA:28,4,0,3
BRDA:28,4,1,1
BRDA:37,5,0,2
BRDA:37,5,1,4
BRF:12
BRH:10
end_of_record
