TN:
SF:stack-and-queue/stack/lib/node.js
FN:3,(anonymous_0)
FNF:1
FNH:1
FNDA:22,(anonymous_0)
DA:4,22
DA:5,22
DA:8,1
LF:3
LH:3
BRF:0
BRH:0
end_of_record
TN:
SF:stack-and-queue/stack/lib/stack.js
FN:5,(anonymous_0)
FN:9,(anonymous_1)
FN:12,(anonymous_2)
FN:23,(anonymous_3)
FN:33,(anonymous_4)
FNF:5
FNH:5
FNDA:8,(anonymous_0)
FNDA:64,(anonymous_1)
FNDA:22,(anonymous_2)
FNDA:17,(anonymous_3)
FNDA:20,(anonymous_4)
DA:2,1
DA:6,8
DA:7,8
DA:10,64
DA:13,22
DA:14,22
DA:15,16
DA:16,16
DA:18,6
DA:19,6
DA:20,6
DA:24,17
DA:25,0
DA:26,0
DA:28,17
DA:29,17
DA:30,17
DA:31,17
DA:34,20
DA:35,0
DA:37,20
DA:41,1
LF:22
LH:19
BRDA:14,0,0,16
BRDA:14,0,1,6
BRDA:24,1,0,0
BRDA:24,1,1,17
BRDA:34,2,0,0
BRDA:34,2,1,20
BRF:6
BRH:4
end_of_record
TN:
SF:stack-queue-brackets/stack-queue-brackets.js
FN:3,validateBrackets
FNF:1
FNH:1
FNDA:8,validateBrackets
DA:2,1
DA:4,8
DA:5,8
DA:6,69
DA:7,22
DA:8,47
DA:9,20
DA:10,20
DA:15,17
DA:17,3
DA:21,5
DA:22,5
DA:25,1
LF:13
LH:13
BRDA:6,0,0,22
BRDA:6,0,1,47
BRDA:6,1,0,69
BRDA:6,1,1,61
BRDA:6,1,2,55
BRDA:8,2,0,20
BRDA:8,2,1,27
BRDA:8,3,0,47
BRDA:8,3,1,42
BRDA:8,3,2,35
BRDA:10,4,0,17
BRDA:10,4,1,3
BRDA:11,5,0,20
BRDA:11,5,1,8
BRDA:11,5,2,15
BRDA:11,5,3,5
BRDA:11,5,4,10
BRDA:11,5,5,7
BRDA:21,6,0,5
BRDA:21,6,1,0
BRF:20
BRH:19
end_of_record
